
9월 24, 2019 11:58:40.67 NEW SESSION
9월 24, 2019 11:58:40.67 [0924/115840.674:ERROR:crash_report_database_win.cc(428)] unexpected header
9월 24, 2019 12:00:09.26 [0924/120009.269:ERROR:crash_report_database_win.cc(428)] unexpected header
9월 24, 2019 12:00:45.21 [0924/120045.215:ERROR:crash_report_database_win.cc(428)] unexpected header
9월 24, 2019 12:12:22.43 [0924/121222.437:ERROR:crash_report_database_win.cc(428)] unexpected header
9월 24, 2019 13:06:27.88 [0924/130627.885:ERROR:crash_report_database_win.cc(428)] unexpected header
9월 24, 2019 13:12:19.63 [0924/131219.639:ERROR:crash_report_database_win.cc(428)] unexpected header
9월 24, 2019 13:14:56.74 [0924/131456.747:ERROR:crash_report_database_win.cc(428)] unexpected header
9월 24, 2019 13:15:14.09 [0924/131514.097:ERROR:crash_report_database_win.cc(428)] unexpected header
9월 24, 2019 13:15:44.33 [0924/131544.331:ERROR:crash_report_database_win.cc(428)] unexpected header
9월 24, 2019 14:26:23.68 [0924/142623.686:ERROR:crash_report_database_win.cc(428)] unexpected header
9월 24, 2019 15:32:05.22 [0924/153205.226:ERROR:crash_report_database_win.cc(428)] unexpected header
9월 24, 2019 15:44:09.22 [0924/154409.223:ERROR:crash_report_database_win.cc(428)] unexpected header
9월 24, 2019 15:49:13.16 [0924/154913.166:ERROR:crash_report_database_win.cc(428)] unexpected header
9월 24, 2019 15:50:14.71 [0924/155014.718:ERROR:crash_report_database_win.cc(428)] unexpected header
9월 24, 2019 15:50:23.21 [0924/155023.210:ERROR:crash_report_database_win.cc(428)] unexpected header
9월 24, 2019 15:50:42.24 [0924/155042.248:ERROR:crash_report_database_win.cc(428)] unexpected header
9월 24, 2019 15:50:53.54 [0924/155053.545:ERROR:crash_report_database_win.cc(428)] unexpected header
9월 24, 2019 15:51:05.71 [0924/155105.718:ERROR:crash_report_database_win.cc(428)] unexpected header
9월 24, 2019 15:51:21.96 [0924/155121.960:ERROR:crash_report_database_win.cc(428)] unexpected header
9월 24, 2019 15:51:30.50 [0924/155130.500:ERROR:crash_report_database_win.cc(428)] unexpected header
9월 24, 2019 15:54:41.24 [0924/155441.246:ERROR:crash_report_database_win.cc(428)] unexpected header
9월 24, 2019 15:54:49.09 [0924/155449.093:ERROR:crash_report_database_win.cc(428)] unexpected header
9월 24, 2019 15:55:40.39 [0924/155540.390:ERROR:crash_report_database_win.cc(428)] unexpected header
9월 24, 2019 15:58:21.81 [0924/155821.811:ERROR:crash_report_database_win.cc(428)] unexpected header
9월 24, 2019 16:24:47.08 [0924/162447.079:ERROR:crash_report_database_win.cc(428)] unexpected header
9월 24, 2019 16:25:04.95 [0924/162504.951:ERROR:crash_report_database_win.cc(428)] unexpected header
9월 24, 2019 16:25:40.49 [0924/162540.493:ERROR:crash_report_database_win.cc(428)] unexpected header
9월 24, 2019 16:29:38.93 [0924/162938.930:ERROR:crash_report_database_win.cc(428)] unexpected header
9월 24, 2019 16:32:08.05 [0924/163208.051:ERROR:crash_report_database_win.cc(428)] unexpected header
9월 24, 2019 16:33:40.52 [0924/163340.525:ERROR:crash_report_database_win.cc(428)] unexpected header
9월 24, 2019 16:33:56.14 [0924/163356.147:ERROR:crash_report_database_win.cc(428)] unexpected header
9월 24, 2019 17:04:56.72 [0924/170456.725:ERROR:crash_report_database_win.cc(428)] unexpected header
9월 24, 2019 17:15:05.34 [0924/171505.340:ERROR:crash_report_database_win.cc(428)] unexpected header
9월 24, 2019 17:17:29.62 [0924/171729.620:ERROR:crash_report_database_win.cc(428)] unexpected header
9월 24, 2019 17:18:54.75 [0924/171854.752:ERROR:crash_report_database_win.cc(428)] unexpected header
9월 24, 2019 17:19:14.78 [0924/171914.786:ERROR:crash_report_database_win.cc(428)] unexpected header
9월 24, 2019 17:19:23.41 [0924/171923.414:ERROR:crash_report_database_win.cc(428)] unexpected header
9월 24, 2019 17:20:40.40 [0924/172040.400:ERROR:crash_report_database_win.cc(428)] unexpected header
9월 24, 2019 17:20:58.13 [0924/172058.136:ERROR:crash_report_database_win.cc(428)] unexpected header
9월 24, 2019 17:21:15.13 [0924/172115.138:ERROR:crash_report_database_win.cc(428)] unexpected header
9월 24, 2019 17:21:43.23 [0924/172143.232:ERROR:crash_report_database_win.cc(428)] unexpected header
9월 24, 2019 17:21:58.70 [0924/172158.702:ERROR:crash_report_database_win.cc(428)] unexpected header
9월 24, 2019 17:22:16.05 [0924/172216.056:ERROR:crash_report_database_win.cc(428)] unexpected header
9월 24, 2019 17:22:58.37 [0924/172258.372:ERROR:crash_report_database_win.cc(428)] unexpected header
9월 24, 2019 17:23:22.30 [0924/172322.300:ERROR:crash_report_database_win.cc(428)] unexpected header
9월 24, 2019 17:24:10.57 [0924/172410.570:ERROR:crash_report_database_win.cc(428)] unexpected header
9월 24, 2019 17:25:10.54 [0924/172510.545:ERROR:crash_report_database_win.cc(428)] unexpected header
9월 24, 2019 17:27:39.99 [0924/172739.999:ERROR:crash_report_database_win.cc(428)] unexpected header
9월 24, 2019 17:29:24.39 [0924/172924.394:ERROR:crash_report_database_win.cc(428)] unexpected header
9월 24, 2019 17:32:07.24 [0924/173207.246:ERROR:crash_report_database_win.cc(428)] unexpected header
9월 24, 2019 17:32:24.74 [0924/173224.743:ERROR:crash_report_database_win.cc(428)] unexpected header
9월 24, 2019 17:32:32.14 [0924/173232.140:ERROR:crash_report_database_win.cc(428)] unexpected header
9월 24, 2019 17:39:34.43 [0924/173934.431:ERROR:crash_report_database_win.cc(428)] unexpected header
9월 24, 2019 17:39:47.91 [0924/173947.915:ERROR:crash_report_database_win.cc(428)] unexpected header
9월 24, 2019 17:39:56.00 [0924/173956.002:ERROR:crash_report_database_win.cc(428)] unexpected header
9월 24, 2019 17:40:29.28 [0924/174029.285:ERROR:crash_report_database_win.cc(428)] unexpected header
9월 24, 2019 17:41:09.72 [0924/174109.722:ERROR:crash_report_database_win.cc(428)] unexpected header
9월 24, 2019 17:41:38.85 [0924/174138.854:ERROR:crash_report_database_win.cc(428)] unexpected header
9월 24, 2019 17:42:07.60 [0924/174207.608:ERROR:crash_report_database_win.cc(428)] unexpected header
9월 24, 2019 17:46:14.08 [0924/174614.083:ERROR:crash_report_database_win.cc(428)] unexpected header
9월 24, 2019 17:57:58.49 [0924/175758.492:ERROR:crash_report_database_win.cc(428)] unexpected header
9월 24, 2019 18:08:33.56 [0924/180833.561:ERROR:crash_report_database_win.cc(428)] unexpected header
9월 24, 2019 18:12:04.13 [0924/181204.138:ERROR:crash_report_database_win.cc(428)] unexpected header
9월 24, 2019 18:12:32.08 [0924/181232.089:ERROR:crash_report_database_win.cc(428)] unexpected header
9월 24, 2019 18:13:27.65 [0924/181327.654:ERROR:crash_report_database_win.cc(428)] unexpected header
9월 24, 2019 18:14:51.81 [0924/181451.812:ERROR:crash_report_database_win.cc(428)] unexpected header
9월 24, 2019 18:16:26.83 [0924/181626.833:ERROR:crash_report_database_win.cc(428)] unexpected header

9월 30, 2019 10:44:51.34 NEW SESSION
9월 30, 2019 10:44:51.34 [7696:6128:0930/104451.297:ERROR:page_load_metrics_update_dispatcher.cc(166)] Invalid first_paint 0.433 s for first_image_paint 0.388 s
9월 30, 2019 10:44:52.31 [7696:6128:0930/104452.316:ERROR:page_load_metrics_update_dispatcher.cc(166)] Invalid first_paint 0.433 s for first_image_paint 0.388 s
9월 30, 2019 10:44:52.96 [7696:6128:0930/104452.965:ERROR:page_load_metrics_update_dispatcher.cc(166)] Invalid first_paint 0.433 s for first_image_paint 0.388 s
9월 30, 2019 10:54:53.71 [7696:4716:0930/105453.718:ERROR:backend_impl.cc(1058)] Critical error found -8
9월 30, 2019 10:54:53.73 [7696:4716:0930/105453.718:ERROR:entry_impl.cc(995)] Failed to save user data
9월 30, 2019 18:31:44.62 [7696:4828:0930/183144.623:ERROR:socket_stream.cc(219)] Closing stream with result -2
10월 01, 2019 09:28:03.56 [7696:4828:1001/092803.567:ERROR:socket_stream.cc(219)] Closing stream with result -2
10월 01, 2019 09:28:03.63 [7696:6128:1001/092803.571:ERROR:gcm_channel_status_request.cc(145)] GCM channel request failed.
10월 01, 2019 09:28:03.64 [7696:8376:1001/092803.612:ERROR:get_updates_processor.cc(246)] PostClientToServerMessage() failed during GetUpdates
10월 01, 2019 09:28:03.65 [7696:8376:1001/092803.614:ERROR:get_updates_processor.cc(246)] PostClientToServerMessage() failed during GetUpdates
10월 01, 2019 09:28:25.11 [7696:4828:1001/092825.117:ERROR:connection_factory_impl.cc(418)] Failed to connect to MCS endpoint with error -105
10월 01, 2019 09:28:25.13 [7696:8376:1001/092825.121:ERROR:get_updates_processor.cc(246)] PostClientToServerMessage() failed during GetUpdates
10월 01, 2019 09:28:25.14 [7696:8376:1001/092825.121:ERROR:get_updates_processor.cc(246)] PostClientToServerMessage() failed during GetUpdates
10월 01, 2019 09:28:37.18 [7696:12084:1001/092837.181:ERROR:gcm_store_impl.cc(630)] LevelDB remove failed: NotFound: 
10월 01, 2019 09:28:37.18 [7696:4828:1001/092837.181:ERROR:mcs_client.cc(531)] GCM Update failed!
10월 01, 2019 09:51:29.18 [7696:4828:1001/095129.181:ERROR:socket_stream.cc(219)] Closing stream with result -2
10월 01, 2019 18:15:28.55 [7696:4828:1001/181528.556:ERROR:socket_stream.cc(219)] Closing stream with result -2
10월 01, 2019 20:42:11.18 [7696:6128:1001/204211.187:ERROR:gcm_channel_status_request.cc(145)] GCM channel request failed.
10월 01, 2019 20:42:13.66 [7696:8376:1001/204211.189:ERROR:get_updates_processor.cc(246)] PostClientToServerMessage() failed during GetUpdates
10월 01, 2019 20:42:13.67 [7696:8376:1001/204211.198:ERROR:get_updates_processor.cc(246)] PostClientToServerMessage() failed during GetUpdates
10월 01, 2019 20:42:14.59 [7696:4828:1001/204214.593:ERROR:connection_factory_impl.cc(418)] Failed to connect to MCS endpoint with error -106
10월 01, 2019 20:42:26.60 [7696:4828:1001/204226.600:ERROR:connection_factory_impl.cc(418)] Failed to connect to MCS endpoint with error -105
10월 01, 2019 20:42:26.61 [7696:8376:1001/204226.600:ERROR:get_updates_processor.cc(246)] PostClientToServerMessage() failed during GetUpdates
10월 01, 2019 20:42:34.85 [7696:8376:1001/204234.852:ERROR:get_updates_processor.cc(246)] PostClientToServerMessage() failed during GetUpdates
10월 01, 2019 20:57:29.64 [7696:4828:1001/205729.640:ERROR:socket_stream.cc(219)] Closing stream with result -2
10월 01, 2019 22:32:51.54 [7696:6128:1001/223251.547:ERROR:gcm_channel_status_request.cc(145)] GCM channel request failed.
10월 01, 2019 22:32:54.70 [7696:8376:1001/223253.863:ERROR:get_updates_processor.cc(246)] PostClientToServerMessage() failed during GetUpdates
10월 01, 2019 22:32:56.68 [7696:4828:1001/223256.687:ERROR:connection_factory_impl.cc(418)] Failed to connect to MCS endpoint with error -106
10월 01, 2019 23:30:10.03 [7696:4828:1001/233010.035:ERROR:socket_stream.cc(219)] Closing stream with result -2
10월 02, 2019 24:06:32.71 [7696:8376:1002/000632.591:ERROR:get_updates_processor.cc(246)] PostClientToServerMessage() failed during GetUpdates
10월 02, 2019 24:06:32.80 [7696:6128:1002/000632.619:ERROR:gcm_channel_status_request.cc(145)] GCM channel request failed.
10월 02, 2019 24:06:34.67 [7696:4828:1002/000634.679:ERROR:connection_factory_impl.cc(418)] Failed to connect to MCS endpoint with error -106
10월 02, 2019 24:06:45.22 [7696:8376:1002/000645.227:ERROR:get_updates_processor.cc(246)] PostClientToServerMessage() failed during GetUpdates
10월 02, 2019 10:34:21.89 [7696:6128:1002/103418.527:ERROR:gcm_channel_status_request.cc(145)] GCM channel request failed.
10월 02, 2019 10:34:21.94 [7696:4828:1002/103419.569:ERROR:connection_factory_impl.cc(418)] Failed to connect to MCS endpoint with error -106
10월 02, 2019 10:34:22.05 [7696:8376:1002/103421.621:ERROR:get_updates_processor.cc(246)] PostClientToServerMessage() failed during GetUpdates
10월 02, 2019 10:34:28.52 [7696:4828:1002/103428.522:ERROR:connection_factory_impl.cc(418)] Failed to connect to MCS endpoint with error -106
10월 02, 2019 10:34:42.41 [7696:4828:1002/103442.416:ERROR:connection_factory_impl.cc(418)] Failed to connect to MCS endpoint with error -105
10월 02, 2019 10:34:42.42 [7696:8376:1002/103442.416:ERROR:get_updates_processor.cc(246)] PostClientToServerMessage() failed during GetUpdates
10월 02, 2019 10:35:08.15 [7696:6128:1002/103508.156:ERROR:gcm_channel_status_request.cc(145)] GCM channel request failed.
